Mariokart_IRL/Application/arsdk-kjr-NDK19-MIN_SDK_19/out/arsdk-android/gradle/app/intermediates/manifest_merge_blame_file/debug/manifest-merger-blame-debug-report.txt
1<?xml version="1.0" encoding="utf-8"?>
2<manifest xmlns:android="http://schemas.android.com/apk/res/android"
3    package="fr.enseeiht.superjumpingsumokart"
4    android:versionCode="2"
5    android:versionName="1.0" >
6
7    <uses-sdk
8        android:minSdkVersion="19"
9        android:targetSdkVersion="36" />
10
11    <uses-permission android:name="android.permission.ACCESS_NETWORK_STATE" />
11-->src/main/AndroidManifest.xml:5:5-79
11-->src/main/AndroidManifest.xml:5:22-76
12    <uses-permission android:name="android.permission.ACCESS_WIFI_STATE" />
12-->src/main/AndroidManifest.xml:6:5-76
12-->src/main/AndroidManifest.xml:6:22-73
13    <uses-permission android:name="android.permission.BLUETOOTH" />
13-->src/main/AndroidManifest.xml:7:5-68
13-->src/main/AndroidManifest.xml:7:22-65
14    <uses-permission android:name="android.permission.BLUETOOTH_ADMIN" />
14-->src/main/AndroidManifest.xml:8:5-74
14-->src/main/AndroidManifest.xml:8:22-71
15    <uses-permission android:name="android.permission.CAMERA" />
15-->src/main/AndroidManifest.xml:9:5-65
15-->src/main/AndroidManifest.xml:9:22-62
16    <uses-permission android:name="android.permission.WRITE_EXTERNAL_STORAGE" />
16-->src/main/AndroidManifest.xml:10:5-81
16-->src/main/AndroidManifest.xml:10:22-78
17    <uses-permission android:name="android.permission.ACCESS_FINE_LOCATION" />
17-->src/main/AndroidManifest.xml:11:5-79
17-->src/main/AndroidManifest.xml:11:22-76
18    <uses-permission android:name="android.permission.ACCESS_COARSE_LOCATION" />
18-->src/main/AndroidManifest.xml:12:5-81
18-->src/main/AndroidManifest.xml:12:22-78
19    <uses-permission android:name="android.permission.VIBRATE" />
19-->src/main/AndroidManifest.xml:13:5-65
19-->src/main/AndroidManifest.xml:13:22-63
20
21    <uses-feature
21-->src/main/AndroidManifest.xml:15:5-17:36
22        android:name="android.hardware.bluetooth_le"
22-->src/main/AndroidManifest.xml:16:9-53
23        android:required="false" />
23-->src/main/AndroidManifest.xml:17:9-33
24    <uses-feature
24-->src/main/AndroidManifest.xml:18:5-20:36
25        android:name="android.hardware.camera"
25-->src/main/AndroidManifest.xml:19:9-47
26        android:required="false" />
26-->src/main/AndroidManifest.xml:20:9-33
27
28    <uses-permission android:name="android.permission.INTERNET" />
28-->[:arsdk] AndroidManifest.xml:7:5-67
28-->[:arsdk] AndroidManifest.xml:7:22-64
29    <uses-permission android:name="android.permission.CHANGE_WIFI_MULTICAST_STATE" />
29-->[:arsdk] AndroidManifest.xml:13:5-86
29-->[:arsdk] AndroidManifest.xml:13:22-83
30    <uses-permission android:name="android.permission.REORDER_TASKS" />
30-->[:libARDiscovery] AndroidManifest.xml:12:5-72
30-->[:libARDiscovery] AndroidManifest.xml:12:22-69
31
32    <application
32-->src/main/AndroidManifest.xml:22:5-62:19
33        android:name="fr.enseeiht.superjumpingsumokart.arpack.AssetsLoader"
33-->src/main/AndroidManifest.xml:23:9-44
34        android:allowBackup="true"
34-->src/main/AndroidManifest.xml:24:9-35
35        android:appComponentFactory="androidx.core.app.CoreComponentFactory"
35-->[androidx.core:core:1.0.0] AndroidManifest.xml:22:18-86
36        android:debuggable="true"
37        android:extractNativeLibs="true"
38        android:icon="@mipmap/ic_launcher"
38-->src/main/AndroidManifest.xml:25:9-43
39        android:label="@string/app_name"
39-->src/main/AndroidManifest.xml:26:9-41
40        android:largeHeap="true"
40-->src/main/AndroidManifest.xml:28:9-33
41        android:supportsRtl="true"
41-->src/main/AndroidManifest.xml:27:9-35
42        android:testOnly="true"
43        android:theme="@style/AppTheme" >
43-->src/main/AndroidManifest.xml:29:9-40
44        <activity
44-->src/main/AndroidManifest.xml:30:9-45:20
45            android:name="fr.enseeiht.superjumpingsumokart.application.GUIWelcome"
45-->src/main/AndroidManifest.xml:31:13-51
46            android:exported="true"
46-->src/main/AndroidManifest.xml:34:13-36
47            android:hardwareAccelerated="true"
47-->src/main/AndroidManifest.xml:32:13-47
48            android:label="@string/title_activity_gui_game"
48-->src/main/AndroidManifest.xml:33:13-60
49            android:launchMode="singleInstance"
49-->src/main/AndroidManifest.xml:38:13-48
50            android:requestLegacyExternalStorage="true"
50-->src/main/AndroidManifest.xml:37:13-56
51            android:screenOrientation="landscape"
51-->src/main/AndroidManifest.xml:35:13-50
52            android:theme="@style/AppTheme.NoActionBar" >
52-->src/main/AndroidManifest.xml:36:13-56
53            <intent-filter>
53-->src/main/AndroidManifest.xml:40:13-44:29
54                <action android:name="android.intent.action.MAIN" />
54-->src/main/AndroidManifest.xml:41:17-69
54-->src/main/AndroidManifest.xml:41:25-66
55
56                <category android:name="android.intent.category.LAUNCHER" />
56-->src/main/AndroidManifest.xml:43:17-77
56-->src/main/AndroidManifest.xml:43:27-74
57            </intent-filter>
58        </activity>
59        <activity
59-->src/main/AndroidManifest.xml:46:9-56:20
60            android:name="fr.enseeiht.superjumpingsumokart.arpack.GUIGame"
60-->src/main/AndroidManifest.xml:47:13-43
61            android:configChanges="orientation|keyboardHidden|screenSize"
61-->src/main/AndroidManifest.xml:48:13-74
62            android:label="@string/title_activity_gui_welcome"
62-->src/main/AndroidManifest.xml:49:13-63
63            android:parentActivityName="fr.enseeiht.superjumpingsumokart.application.GUIWelcome"
63-->src/main/AndroidManifest.xml:50:13-65
64            android:screenOrientation="landscape"
64-->src/main/AndroidManifest.xml:51:13-50
65            android:theme="@style/FullscreenTheme" >
65-->src/main/AndroidManifest.xml:52:13-51
66            <meta-data
66-->src/main/AndroidManifest.xml:53:13-55:91
67                android:name="android.support.PARENT_ACTIVITY"
67-->src/main/AndroidManifest.xml:54:17-63
68                android:value="fr.enseeiht.superjumpingsumokart.application.GUIWelcome" />
68-->src/main/AndroidManifest.xml:55:17-88
69        </activity>
70        <activity android:name="fr.enseeiht.superjumpingsumokart.application.circuit.GUICircuit" />
70-->src/main/AndroidManifest.xml:57:9-68
70-->src/main/AndroidManifest.xml:57:19-65
71        <activity android:name="fr.enseeiht.superjumpingsumokart.application.circuit.GUICreateCircuit" />
71-->src/main/AndroidManifest.xml:58:9-74
71-->src/main/AndroidManifest.xml:58:19-71
72        <activity android:name="fr.enseeiht.superjumpingsumokart.application.circuit.GUIModifyCircuit" />
72-->src/main/AndroidManifest.xml:59:9-83
72-->src/main/AndroidManifest.xml:59:19-71
73
74        <service android:name="com.parrot.arsdk.ardiscovery.ARDiscoveryService" />
74-->src/main/AndroidManifest.xml:60:9-61:51
74-->src/main/AndroidManifest.xml:60:18-80
75    </application>
76
77</manifest>